# JRE version: Java(TM) SE Runtime Environment 18.9 (11.0.14+8) (build 11.0.14+8-LTS-263)
# Java VM: Java HotSpot(TM) 64-Bit Server VM 18.9 (11.0.14+8-LTS-263, mixed mode, tiered, compressed oops, g1 gc, windows-amd64)
Heap:
 garbage-first heap   total 260096K, used 181531K [0x0000000080000000, 0x0000000100000000)
  region size 1024K, 121 young (123904K), 18 survivors (18432K)
 Metaspace       used 80776K, capacity 83464K, committed 83656K, reserved 589824K
  class space    used 10571K, capacity 11609K, committed 11648K, reserved 516096K
GC Heap History (10 events):
Event: 15.757 GC heap before
{Heap before GC invocations=8 (full 0):
 garbage-first heap   total 260096K, used 119959K [0x0000000080000000, 0x0000000100000000)
  region size 1024K, 100 young (102400K), 7 survivors (7168K)
 Metaspace       used 41142K, capacity 42279K, committed 42440K, reserved 552960K
  class space    used 5239K, capacity 5680K, committed 5760K, reserved 516096K
}
Event: 15.764 GC heap after
{Heap after GC invocations=9 (full 0):
 garbage-first heap   total 260096K, used 30545K [0x0000000080000000, 0x0000000100000000)
  region size 1024K, 13 young (13312K), 13 survivors (13312K)
 Metaspace       used 41142K, capacity 42279K, committed 42440K, reserved 552960K
  class space    used 5239K, capacity 5680K, committed 5760K, reserved 516096K
}
Event: 18.332 GC heap before
{Heap before GC invocations=9 (full 0):
 garbage-first heap   total 260096K, used 176977K [0x0000000080000000, 0x0000000100000000)
  region size 1024K, 152 young (155648K), 13 survivors (13312K)
 Metaspace       used 52760K, capacity 54323K, committed 54472K, reserved 563200K
  class space    used 6871K, capacity 7527K, committed 7552K, reserved 516096K
}
Event: 18.342 GC heap after
{Heap after GC invocations=10 (full 0):
 garbage-first heap   total 260096K, used 43516K [0x0000000080000000, 0x0000000100000000)
  region size 1024K, 16 young (16384K), 16 survivors (16384K)
 Metaspace       used 52760K, capacity 54323K, committed 54472K, reserved 563200K
  class space    used 6871K, capacity 7527K, committed 7552K, reserved 516096K
}
Event: 19.137 GC heap before
{Heap before GC invocations=10 (full 0):
 garbage-first heap   total 260096K, used 114172K [0x0000000080000000, 0x0000000100000000)
  region size 1024K, 86 young (88064K), 16 survivors (16384K)
 Metaspace       used 58175K, capacity 59858K, committed 59976K, reserved 569344K
  class space    used 7663K, capacity 8350K, committed 8448K, reserved 516096K
}
Event: 19.145 GC heap after
{Heap after GC invocations=11 (full 0):
 garbage-first heap   total 260096K, used 45767K [0x0000000080000000, 0x0000000100000000)
  region size 1024K, 11 young (11264K), 11 survivors (11264K)
 Metaspace       used 58175K, capacity 59858K, committed 59976K, reserved 569344K
  class space    used 7663K, capacity 8350K, committed 8448K, reserved 516096K
}
Event: 20.849 GC heap before
{Heap before GC invocations=12 (full 0):
 garbage-first heap   total 260096K, used 181959K [0x0000000080000000, 0x0000000100000000)
  region size 1024K, 144 young (147456K), 11 survivors (11264K)
 Metaspace       used 66546K, capacity 68533K, committed 68808K, reserved 575488K
  class space    used 8762K, capacity 9575K, committed 9600K, reserved 516096K
}
Event: 20.861 GC heap after
{Heap after GC invocations=13 (full 0):
 garbage-first heap   total 260096K, used 54813K [0x0000000080000000, 0x0000000100000000)
  region size 1024K, 12 young (12288K), 12 survivors (12288K)
 Metaspace       used 66546K, capacity 68533K, committed 68808K, reserved 575488K
  class space    used 8762K, capacity 9575K, committed 9600K, reserved 516096K
}
Event: 25.631 GC heap before
{Heap before GC invocations=13 (full 0):
 garbage-first heap   total 260096K, used 197149K [0x0000000080000000, 0x0000000100000000)
  region size 1024K, 143 young (146432K), 12 survivors (12288K)
 Metaspace       used 77270K, capacity 79635K, committed 79816K, reserved 585728K
  class space    used 10076K, capacity 11016K, committed 11136K, reserved 516096K
}
Event: 25.642 GC heap after
{Heap after GC invocations=14 (full 0):
 garbage-first heap   total 260096K, used 77083K [0x0000000080000000, 0x0000000100000000)
  region size 1024K, 18 young (18432K), 18 survivors (18432K)
 Metaspace       used 77270K, capacity 79635K, committed 79816K, reserved 585728K
  class space    used 10076K, capacity 11016K, committed 11136K, reserved 516096K
}

